<?xml version="1.0" encoding="UTF-8"?>
<testsuite name="de.skillix.keycloak.spi.userstorage.QueryParamUtilsTest" tests="8" skipped="0" failures="0" errors="0" timestamp="2022-04-02T18:18:30" hostname="macbookpro.local" time="0.05">
  <properties/>
  <testcase name="testParseQueryParamsFromEmptySearchAndMaxResults()" classname="de.skillix.keycloak.spi.userstorage.QueryParamUtilsTest" time="0.032"/>
  <testcase name="testParseQueryParamsFromNothing()" classname="de.skillix.keycloak.spi.userstorage.QueryParamUtilsTest" time="0.002"/>
  <testcase name="testParseQueryParamsFromEmptySearchFirstResultAndMaxResults()" classname="de.skillix.keycloak.spi.userstorage.QueryParamUtilsTest" time="0.001"/>
  <testcase name="testParseQueryParamsFromEmptySearchAndFirstResult()" classname="de.skillix.keycloak.spi.userstorage.QueryParamUtilsTest" time="0.001"/>
  <testcase name="testParseQueryParamsFromKeyValueToString()" classname="de.skillix.keycloak.spi.userstorage.QueryParamUtilsTest" time="0.002"/>
  <testcase name="testParseQueryParamsFromMapToString()" classname="de.skillix.keycloak.spi.userstorage.QueryParamUtilsTest" time="0.004"/>
  <testcase name="testParseQueryParamsFromSearchFirstResultAndMaxResults()" classname="de.skillix.keycloak.spi.userstorage.QueryParamUtilsTest" time="0.0"/>
  <testcase name="testParseQueryParamsFromMaxResults()" classname="de.skillix.keycloak.spi.userstorage.QueryParamUtilsTest" time="0.001"/>
  <system-out><![CDATA[]]></system-out>
  <system-err><![CDATA[]]></system-err>
</testsuite>
