<?xml version="1.0" encoding="UTF-8"?>
<testsuite name="de.skillix.keycloak.spi.userprovider.QueryParamUtilsTest" tests="8" skipped="0" failures="0" errors="0" timestamp="2022-04-03T00:49:12" hostname="macbookpro.local" time="0.037">
  <properties/>
  <testcase name="testParseQueryParamsFromEmptySearchAndMaxResults()" classname="de.skillix.keycloak.spi.userprovider.QueryParamUtilsTest" time="0.024"/>
  <testcase name="testParseQueryParamsFromNothing()" classname="de.skillix.keycloak.spi.userprovider.QueryParamUtilsTest" time="0.0"/>
  <testcase name="testParseQueryParamsFromEmptySearchFirstResultAndMaxResults()" classname="de.skillix.keycloak.spi.userprovider.QueryParamUtilsTest" time="0.001"/>
  <testcase name="testParseQueryParamsFromEmptySearchAndFirstResult()" classname="de.skillix.keycloak.spi.userprovider.QueryParamUtilsTest" time="0.001"/>
  <testcase name="testParseQueryParamsFromKeyValueToString()" classname="de.skillix.keycloak.spi.userprovider.QueryParamUtilsTest" time="0.001"/>
  <testcase name="testParseQueryParamsFromMapToString()" classname="de.skillix.keycloak.spi.userprovider.QueryParamUtilsTest" time="0.003"/>
  <testcase name="testParseQueryParamsFromSearchFirstResultAndMaxResults()" classname="de.skillix.keycloak.spi.userprovider.QueryParamUtilsTest" time="0.001"/>
  <testcase name="testParseQueryParamsFromMaxResults()" classname="de.skillix.keycloak.spi.userprovider.QueryParamUtilsTest" time="0.001"/>
  <system-out><![CDATA[]]></system-out>
  <system-err><![CDATA[]]></system-err>
</testsuite>
